Сборка начата 19.09.2018 21:14:19.
Повторное назначение свойства: $(DebugType)="" (предыдущее значение: "none") для D:\Dev\C++\FalcoEngine\Mono\lib\mono\msbuild\15.0\bin\Microsoft.CSharp.Falco.targets (10,3)
Пути поиска, используемые для $(MSBuildExtensionsPath): C:\Program Files (x86)\MSBuild;$(MSBuildProgramFiles32)\MSBuild
Пути поиска, используемые для $(MSBuildExtensionsPath): C:\Program Files (x86)\MSBuild;$(MSBuildProgramFiles32)\MSBuild
Пути поиска, используемые для $(MSBuildExtensionsPath): C:\Program Files (x86)\MSBuild;$(MSBuildProgramFiles32)\MSBuild
Пути поиска, используемые для $(MSBuildExtensionsPath): C:\Program Files (x86)\MSBuild;$(MSBuildProgramFiles32)\MSBuild
Повторное назначение свойства: $(_DocumentationFileProduced)="false" (предыдущее значение: "true") для D:\Dev\C++\FalcoEngine\Mono\lib\mono\msbuild\15.0\bin\Microsoft.Common.CurrentVersion.targets (163,5)
Повторное назначение свойства: $(ProcessorArchitecture)="msil" (предыдущее значение: "") для D:\Dev\C++\FalcoEngine\Mono\lib\mono\msbuild\15.0\bin\Microsoft.Common.CurrentVersion.targets (494,5)
Повторное назначение свойства: $(DelaySign)="" (предыдущее значение: "false") для D:\Dev\C++\FalcoEngine\Mono\lib\mono\msbuild\15.0\bin\Microsoft.Common.CurrentVersion.targets (533,5)
Повторное назначение свойства: $(MSBuildAllProjects)=";D:\Dev\C++\FalcoEngine\Mono\lib\mono\msbuild\15.0\bin\Microsoft.NETFramework.CurrentVersion.props;D:\Dev\C++\FalcoEngine\TestProject\TestProject\TestProject.csproj;D:\Dev\C++\FalcoEngine\Mono\lib\mono\msbuild\15.0\bin\Microsoft.Common.CurrentVersion.targets" (предыдущее значение: ";D:\Dev\C++\FalcoEngine\Mono\lib\mono\msbuild\15.0\bin\Microsoft.NETFramework.CurrentVersion.props") для D:\Dev\C++\FalcoEngine\Mono\lib\mono\msbuild\15.0\bin\Microsoft.Common.CurrentVersion.targets (544,5)
Повторное назначение свойства: $(_SGenGenerateSerializationAssembliesConfig)="Auto" (предыдущее значение: "") для D:\Dev\C++\FalcoEngine\Mono\lib\mono\msbuild\15.0\bin\Microsoft.Common.CurrentVersion.targets (3517,5)
Пути поиска, используемые для $(MSBuildExtensionsPath): C:\Program Files (x86)\MSBuild;$(MSBuildProgramFiles32)\MSBuild
Повторное назначение свойства: $(MSBuildAllProjects)=";D:\Dev\C++\FalcoEngine\Mono\lib\mono\msbuild\15.0\bin\Microsoft.NETFramework.CurrentVersion.props;D:\Dev\C++\FalcoEngine\TestProject\TestProject\TestProject.csproj;D:\Dev\C++\FalcoEngine\Mono\lib\mono\msbuild\15.0\bin\Microsoft.Common.CurrentVersion.targets;D:\Dev\C++\FalcoEngine\Mono\lib\mono\msbuild\15.0\bin\Microsoft.NETFramework.CurrentVersion.targets" (предыдущее значение: ";D:\Dev\C++\FalcoEngine\Mono\lib\mono\msbuild\15.0\bin\Microsoft.NETFramework.CurrentVersion.props;D:\Dev\C++\FalcoEngine\TestProject\TestProject\TestProject.csproj;D:\Dev\C++\FalcoEngine\Mono\lib\mono\msbuild\15.0\bin\Microsoft.Common.CurrentVersion.targets") для D:\Dev\C++\FalcoEngine\Mono\lib\mono\msbuild\15.0\bin\Microsoft.NETFramework.CurrentVersion.targets (29,6)
Повторное назначение свойства: $(ResolveReferencesDependsOn)="
      
      BeforeResolveReferences;
      AssignProjectConfiguration;
      ResolveProjectReferences;
      FindInvalidProjectReferences;
      ResolveNativeReferences;
      ResolveAssemblyReferences;
      GenerateBindingRedirects;
      ResolveComReferences;
      AfterResolveReferences
    ;
      ImplicitlyExpandDesignTimeFacades
    " (предыдущее значение: "
      BeforeResolveReferences;
      AssignProjectConfiguration;
      ResolveProjectReferences;
      FindInvalidProjectReferences;
      ResolveNativeReferences;
      ResolveAssemblyReferences;
      GenerateBindingRedirects;
      ResolveComReferences;
      AfterResolveReferences
    ") для D:\Dev\C++\FalcoEngine\Mono\lib\mono\msbuild\15.0\bin\Microsoft.NETFramework.CurrentVersion.targets (79,5)
Пути поиска, используемые для $(MSBuildExtensionsPath): C:\Program Files (x86)\MSBuild;$(MSBuildProgramFiles32)\MSBuild
Повторное назначение свойства: $(GenerateManifestsDependsOn)="" (предыдущее значение: "
      SetWin32ManifestProperties;
      GenerateApplicationManifest;
      GenerateDeploymentManifest
    ") для D:\Dev\C++\FalcoEngine\Mono\lib\mono\msbuild\15.0\bin\Microsoft.Common.Mono.targets (24,9)
Повторное назначение свойства: $(MSBuildAllProjects)=";D:\Dev\C++\FalcoEngine\Mono\lib\mono\msbuild\15.0\bin\Microsoft.NETFramework.CurrentVersion.props;D:\Dev\C++\FalcoEngine\TestProject\TestProject\TestProject.csproj;D:\Dev\C++\FalcoEngine\Mono\lib\mono\msbuild\15.0\bin\Microsoft.Common.CurrentVersion.targets;D:\Dev\C++\FalcoEngine\Mono\lib\mono\msbuild\15.0\bin\Microsoft.NETFramework.CurrentVersion.targets;D:\Dev\C++\FalcoEngine\Mono\lib\mono\msbuild\15.0\bin\NuGet.targets" (предыдущее значение: ";D:\Dev\C++\FalcoEngine\Mono\lib\mono\msbuild\15.0\bin\Microsoft.NETFramework.CurrentVersion.props;D:\Dev\C++\FalcoEngine\TestProject\TestProject\TestProject.csproj;D:\Dev\C++\FalcoEngine\Mono\lib\mono\msbuild\15.0\bin\Microsoft.Common.CurrentVersion.targets;D:\Dev\C++\FalcoEngine\Mono\lib\mono\msbuild\15.0\bin\Microsoft.NETFramework.CurrentVersion.targets") для D:\Dev\C++\FalcoEngine\Mono\lib\mono\msbuild\15.0\bin\NuGet.targets (45,5)
Пути поиска, используемые для $(MSBuildExtensionsPath): C:\Program Files (x86)\MSBuild;$(MSBuildProgramFiles32)\MSBuild
Переопределение целевого объекта "GetFrameworkPaths" в проекте "D:\Dev\C++\FalcoEngine\Mono\lib\mono\msbuild\15.0\bin\Microsoft.Common.CurrentVersion.targets" целевым объект "GetFrameworkPaths" из проекта "D:\Dev\C++\FalcoEngine\Mono\lib\mono\msbuild\15.0\bin\Microsoft.NETFramework.CurrentVersion.targets".
Переопределение целевого объекта "ResolveNativeReferences" в проекте "D:\Dev\C++\FalcoEngine\Mono\lib\mono\msbuild\15.0\bin\Microsoft.Common.CurrentVersion.targets" целевым объект "ResolveNativeReferences" из проекта "D:\Dev\C++\FalcoEngine\Mono\lib\mono\msbuild\15.0\bin\Microsoft.Common.Mono.targets".
Переопределение целевого объекта "GenerateManifests" в проекте "D:\Dev\C++\FalcoEngine\Mono\lib\mono\msbuild\15.0\bin\Microsoft.Common.CurrentVersion.targets" целевым объект "GenerateManifests" из проекта "D:\Dev\C++\FalcoEngine\Mono\lib\mono\msbuild\15.0\bin\Microsoft.Common.Mono.targets".
Переопределение целевого объекта "GenerateTargetFrameworkMonikerAttribute" в проекте "D:\Dev\C++\FalcoEngine\Mono\lib\mono\msbuild\15.0\bin\Microsoft.Common.CurrentVersion.targets" целевым объект "GenerateTargetFrameworkMonikerAttribute" из проекта "D:\Dev\C++\FalcoEngine\TestProject\TestProject\TestProject.csproj".
Проект "D:\Dev\C++\FalcoEngine\TestProject\TestProject\TestProject.csproj" в узле 1 (целевые объекты rebuild).
Сборка с инструментами версии "15.0".
Целевой объект "EnableIntermediateOutputPathMismatchWarning" пропущен из-за невыполненного условия; выражение ('$(RestoreProjectStyle)' == 'PackageReference') равно ('' == 'PackageReference').
Целевой объект "_CheckForInvalidConfigurationAndPlatform" в файле "D:\Dev\C++\FalcoEngine\Mono\lib\mono\msbuild\15.0\bin\Microsoft.Common.CurrentVersion.targets" из проекта "D:\Dev\C++\FalcoEngine\TestProject\TestProject\TestProject.csproj" (целевой объект "BeforeRebuild" зависит от него):
Задача "Error" пропущена из-за невыполненного условия; выражение ( '$(_InvalidConfigurationError)' == 'true' ) равно ( '' == 'true' ).
Задача "Warning" пропущена из-за невыполненного условия; выражение ( '$(_InvalidConfigurationWarning)' == 'true' ) равно ( '' == 'true' ).
Используется задача "Message" из сборки "Microsoft.Build.Tasks.Core, Version=15.1.0.0, Culture=neutral, PublicKeyToken=b03f5f7f11d50a3a".
Задача "Message"
  Configuration=Release
Выполнение задачи "Message" завершено.
Задача "Message"
  Platform=AnyCPU
Выполнение задачи "Message" завершено.
Задача "Error" пропущена из-за невыполненного условия; выражение ('$(OutDir)' != '' and !HasTrailingSlash('$(OutDir)')) равно ('bin\Release\' != '' and !HasTrailingSlash('bin\Release\')).
Задача "Error" пропущена из-за невыполненного условия; выражение ('$(BaseIntermediateOutputPath)' != '' and !HasTrailingSlash('$(BaseIntermediateOutputPath)')) равно ('\' != '' and !HasTrailingSlash('\')).
Задача "Error" пропущена из-за невыполненного условия; выражение ('$(IntermediateOutputPath)' != '' and !HasTrailingSlash('$(IntermediateOutputPath)')) равно ('\Release\' != '' and !HasTrailingSlash('\Release\')).
Задача "Error" пропущена из-за невыполненного условия; выражение ( '$(_InitialMSBuildProjectExtensionsPath)' != '' And '$(MSBuildProjectExtensionsPath)' != '$(_InitialMSBuildProjectExtensionsPath)' ) равно ( '' != '' And '' != '' ).
Задача "Warning" пропущена из-за невыполненного условия; выражение ( '$(EnableBaseIntermediateOutputPathMismatchWarning)' == 'true' And '$(_InitialBaseIntermediateOutputPath)' != '$(BaseIntermediateOutputPath)' And '$(BaseIntermediateOutputPath)' != '$(MSBuildProjectExtensionsPath)' ) равно ( '' == 'true' And '' != '\' And '\' != '' ).
Сборка целевого объекта "_CheckForInvalidConfigurationAndPlatform" в проекте "TestProject.csproj" завершена.
Целевой объект "BeforeRebuild" в файле "D:\Dev\C++\FalcoEngine\Mono\lib\mono\msbuild\15.0\bin\Microsoft.Common.CurrentVersion.targets" из проекта "D:\Dev\C++\FalcoEngine\TestProject\TestProject\TestProject.csproj" (целевой объект "Rebuild" зависит от него):
Сборка целевого объекта "BeforeRebuild" в проекте "TestProject.csproj" завершена.
Целевой объект "BeforeClean" в файле "D:\Dev\C++\FalcoEngine\Mono\lib\mono\msbuild\15.0\bin\Microsoft.Common.CurrentVersion.targets" из проекта "D:\Dev\C++\FalcoEngine\TestProject\TestProject\TestProject.csproj" (целевой объект "Clean" зависит от него):
Сборка целевого объекта "BeforeClean" в проекте "TestProject.csproj" завершена.
Целевой объект "UnmanagedUnregistration" пропущен из-за невыполненного условия; выражение ((('$(_AssemblyTimestampBeforeCompile)' != '$(_AssemblyTimestampAfterCompile)' or '$(RegisterForComInterop)' != 'true' or '$(OutputType)' != 'library') or
                    ('$(_AssemblyTimestampBeforeCompile)' == '')) and
                   Exists('@(_UnmanagedRegistrationCache)')) равно ((('' != '' or '' != 'true' or 'Library' != 'library') or
                    ('' == '')) and
                   Exists('\TestProject.csproj.UnmanagedRegistration.cache')).
Целевой объект "CoreClean" в файле "D:\Dev\C++\FalcoEngine\Mono\lib\mono\msbuild\15.0\bin\Microsoft.Common.CurrentVersion.targets" из проекта "D:\Dev\C++\FalcoEngine\TestProject\TestProject\TestProject.csproj" (целевой объект "Clean" зависит от него):
Используется задача "Delete" из сборки "Microsoft.Build.Tasks.Core, Version=15.1.0.0, Culture=neutral, PublicKeyToken=b03f5f7f11d50a3a".
Задача "Delete"
Выполнение задачи "Delete" завершено.
Используется задача "ReadLinesFromFile" из сборки "Microsoft.Build.Tasks.Core, Version=15.1.0.0, Culture=neutral, PublicKeyToken=b03f5f7f11d50a3a".
Задача "ReadLinesFromFile"
Выполнение задачи "ReadLinesFromFile" завершено.
Используется задача "FindUnderPath" из сборки "Microsoft.Build.Tasks.Core, Version=15.1.0.0, Culture=neutral, PublicKeyToken=b03f5f7f11d50a3a".
Задача "FindUnderPath"
  Путь сравнения: "bin\Release\".
Выполнение задачи "FindUnderPath" завершено.
Задача "FindUnderPath"
  Путь сравнения: "\Release\".
Выполнение задачи "FindUnderPath" завершено.
Задача "Delete"
  Файл "D:\Release\TestProject.csprojAssemblyReference.cache" удаляется.
  Файл "D:\Release\TestProject.csproj.CoreCompileInputs.cache" удаляется.
Выполнение задачи "Delete" завершено.
Используется задача "RemoveDuplicates" из сборки "Microsoft.Build.Tasks.Core, Version=15.1.0.0, Culture=neutral, PublicKeyToken=b03f5f7f11d50a3a".
Задача "RemoveDuplicates"
Выполнение задачи "RemoveDuplicates" завершено.
Используется задача "MakeDir" из сборки "Microsoft.Build.Tasks.Core, Version=15.1.0.0, Culture=neutral, PublicKeyToken=b03f5f7f11d50a3a".
Задача "MakeDir"
Выполнение задачи "MakeDir" завершено.
Используется задача "WriteLinesToFile" из сборки "Microsoft.Build.Tasks.Core, Version=15.1.0.0, Culture=neutral, PublicKeyToken=b03f5f7f11d50a3a".
Задача "WriteLinesToFile"
Выполнение задачи "WriteLinesToFile" завершено.
Сборка целевого объекта "CoreClean" в проекте "TestProject.csproj" завершена.
Целевой объект "AssignProjectConfiguration" пропущен из-за невыполненного условия; выражение ('$(CurrentSolutionConfigurationContents)' != '' or '@(ProjectReference)'!='') равно ('' != '' or ''!='').
Целевой объект "_SplitProjectReferencesByFileExistence" в файле "D:\Dev\C++\FalcoEngine\Mono\lib\mono\msbuild\15.0\bin\Microsoft.Common.CurrentVersion.targets" из проекта "D:\Dev\C++\FalcoEngine\TestProject\TestProject\TestProject.csproj" (целевой объект "PrepareProjectReferences" зависит от него):
Задача "ResolveNonMSBuildProjectOutput" пропущена из-за невыполненного условия; выражение ('$(BuildingInsideVisualStudio)'=='true' and '@(ProjectReferenceWithConfiguration)'!='') равно (''=='true' and ''!='').
Сборка целевого объекта "_SplitProjectReferencesByFileExistence" в проекте "TestProject.csproj" завершена.
Целевой объект "_GetProjectReferenceTargetFrameworkProperties" в файле "D:\Dev\C++\FalcoEngine\Mono\lib\mono\msbuild\15.0\bin\Microsoft.Common.CurrentVersion.targets" из проекта "D:\Dev\C++\FalcoEngine\TestProject\TestProject\TestProject.csproj" (целевой объект "PrepareProjectReferences" зависит от него):
Используется задача "MSBuild" из сборки "Microsoft.Build.Tasks.Core, Version=15.1.0.0, Culture=neutral, PublicKeyToken=b03f5f7f11d50a3a".
Задача "MSBuild"
Выполнение задачи "MSBuild" завершено.
Задача "GetReferenceNearestTargetFrameworkTask" пропущена из-за невыполненного условия; выражение ('@(_ProjectReferenceTargetFrameworkPossibilities->Count())' != '0' and '$(ReferringTargetFrameworkForProjectReferences)' != '') равно ('0' != '0' and '.NETFramework,Version=v4.5' != '').
Сборка целевого объекта "_GetProjectReferenceTargetFrameworkProperties" в проекте "TestProject.csproj" завершена.
Целевой объект "PrepareProjectReferences" в файле "D:\Dev\C++\FalcoEngine\Mono\lib\mono\msbuild\15.0\bin\Microsoft.Common.CurrentVersion.targets" из проекта "D:\Dev\C++\FalcoEngine\TestProject\TestProject\TestProject.csproj" (целевой объект "CleanReferencedProjects" зависит от него):
Сборка целевого объекта "PrepareProjectReferences" в проекте "TestProject.csproj" завершена.
Целевой объект "CleanReferencedProjects" в файле "D:\Dev\C++\FalcoEngine\Mono\lib\mono\msbuild\15.0\bin\Microsoft.Common.CurrentVersion.targets" из проекта "D:\Dev\C++\FalcoEngine\TestProject\TestProject\TestProject.csproj" (целевой объект "Clean" зависит от него):
Задача "MSBuild" пропущена из-за невыполненного условия; выражение ('$(BuildingInsideVisualStudio)' != 'true' and '$(BuildProjectReferences)' == 'true' and '@(_MSBuildProjectReferenceExistent)' != '') равно ('' != 'true' and 'true' == 'true' and '' != '').
Сборка целевого объекта "CleanReferencedProjects" в проекте "TestProject.csproj" завершена.
Целевой объект "CleanPublishFolder" в файле "D:\Dev\C++\FalcoEngine\Mono\lib\mono\msbuild\15.0\bin\Microsoft.Common.CurrentVersion.targets" из проекта "D:\Dev\C++\FalcoEngine\TestProject\TestProject\TestProject.csproj" (целевой объект "Clean" зависит от него):
Задача "RemoveDir" пропущена из-за невыполненного условия; выражение ('$(PublishDir)'=='$(OutputPath)app.publish\' and Exists('$(PublishDir)')) равно ('bin\Release\app.publish\'=='bin\Release\app.publish\' and Exists('bin\Release\app.publish\')).
Сборка целевого объекта "CleanPublishFolder" в проекте "TestProject.csproj" завершена.
Целевой объект "AfterClean" в файле "D:\Dev\C++\FalcoEngine\Mono\lib\mono\msbuild\15.0\bin\Microsoft.Common.CurrentVersion.targets" из проекта "D:\Dev\C++\FalcoEngine\TestProject\TestProject\TestProject.csproj" (целевой объект "Clean" зависит от него):
Сборка целевого объекта "AfterClean" в проекте "TestProject.csproj" завершена.
Целевой объект "Clean" в файле "D:\Dev\C++\FalcoEngine\Mono\lib\mono\msbuild\15.0\bin\Microsoft.Common.CurrentVersion.targets" из проекта "D:\Dev\C++\FalcoEngine\TestProject\TestProject\TestProject.csproj" (целевой объект "Rebuild" зависит от него):
Сборка целевого объекта "Clean" в проекте "TestProject.csproj" завершена.
Целевой объект "BeforeBuild" в файле "D:\Dev\C++\FalcoEngine\Mono\lib\mono\msbuild\15.0\bin\Microsoft.Common.CurrentVersion.targets" из проекта "D:\Dev\C++\FalcoEngine\TestProject\TestProject\TestProject.csproj" (целевой объект "Build" зависит от него):
Сборка целевого объекта "BeforeBuild" в проекте "TestProject.csproj" завершена.
Целевой объект "BuildOnlySettings" в файле "D:\Dev\C++\FalcoEngine\Mono\lib\mono\msbuild\15.0\bin\Microsoft.Common.CurrentVersion.targets" из проекта "D:\Dev\C++\FalcoEngine\TestProject\TestProject\TestProject.csproj" (целевой объект "CoreBuild" зависит от него):
Сборка целевого объекта "BuildOnlySettings" в проекте "TestProject.csproj" завершена.
Целевой объект "GetFrameworkPaths" в файле "D:\Dev\C++\FalcoEngine\Mono\lib\mono\msbuild\15.0\bin\Microsoft.NETFramework.CurrentVersion.targets" из проекта "D:\Dev\C++\FalcoEngine\TestProject\TestProject\TestProject.csproj" (целевой объект "PrepareForBuild" зависит от него):
Сборка целевого объекта "GetFrameworkPaths" в проекте "TestProject.csproj" завершена.
Целевой объект "GetFrameworkPaths" пропущен. Предыдущая сборка успешна.
Целевой объект "GetReferenceAssemblyPaths" в файле "D:\Dev\C++\FalcoEngine\Mono\lib\mono\msbuild\15.0\bin\Microsoft.Common.CurrentVersion.targets" из проекта "D:\Dev\C++\FalcoEngine\TestProject\TestProject\TestProject.csproj" (целевой объект "PrepareForBuild" зависит от него):
Используется задача "GetReferenceAssemblyPaths" из сборки "Microsoft.Build.Tasks.Core, Version=15.1.0.0, Culture=neutral, PublicKeyToken=b03f5f7f11d50a3a".
Задача "GetReferenceAssemblyPaths"
Выполнение задачи "GetReferenceAssemblyPaths" завершено.
Сборка целевого объекта "GetReferenceAssemblyPaths" в проекте "TestProject.csproj" завершена.
Целевой объект "AssignLinkMetadata" пропущен из-за невыполненного условия; выражение ( '$(SynthesizeLinkMetadata)' == 'true' ) равно ( '' == 'true' ).
Целевой объект "PrepareForBuild" в файле "D:\Dev\C++\FalcoEngine\Mono\lib\mono\msbuild\15.0\bin\Microsoft.Common.CurrentVersion.targets" из проекта "D:\Dev\C++\FalcoEngine\TestProject\TestProject\TestProject.csproj" (целевой объект "CoreBuild" зависит от него):
Используется задача "FindAppConfigFile" из сборки "Microsoft.Build.Tasks.Core, Version=15.1.0.0, Culture=neutral, PublicKeyToken=b03f5f7f11d50a3a".
Задача "FindAppConfigFile"
Выполнение задачи "FindAppConfigFile" завершено.
Задача "MakeDir"
Выполнение задачи "MakeDir" завершено.
Сборка целевого объекта "PrepareForBuild" в проекте "TestProject.csproj" завершена.
Целевой объект "PreBuildEvent" пропущен из-за невыполненного условия; выражение ('$(PreBuildEvent)'!='') равно (''!='').
Целевой объект "BeforeResolveReferences" в файле "D:\Dev\C++\FalcoEngine\Mono\lib\mono\msbuild\15.0\bin\Microsoft.Common.CurrentVersion.targets" из проекта "D:\Dev\C++\FalcoEngine\TestProject\TestProject\TestProject.csproj" (целевой объект "ResolveReferences" зависит от него):
Сборка целевого объекта "BeforeResolveReferences" в проекте "TestProject.csproj" завершена.
Целевой объект "AssignProjectConfiguration" пропущен из-за невыполненного условия; выражение ('$(CurrentSolutionConfigurationContents)' != '' or '@(ProjectReference)'!='') равно ('' != '' or ''!='').
Целевой объект "PrepareProjectReferences" пропущен. Предыдущая сборка успешна.
Целевой объект "ResolveProjectReferences" в файле "D:\Dev\C++\FalcoEngine\Mono\lib\mono\msbuild\15.0\bin\Microsoft.Common.CurrentVersion.targets" из проекта "D:\Dev\C++\FalcoEngine\TestProject\TestProject\TestProject.csproj" (целевой объект "ResolveReferences" зависит от него):
Задача "MSBuild" пропущена из-за невыполненного условия; выражение ('%(_MSBuildProjectReferenceExistent.BuildReference)' == 'true' and '@(ProjectReferenceWithConfiguration)' != '' and ('$(BuildingInsideVisualStudio)' == 'true' or '$(BuildProjectReferences)' != 'true') and '$(VisualStudioVersion)' != '10.0' and '@(_MSBuildProjectReferenceExistent)' != '') равно ('' == 'true' and '' != '' and ('' == 'true' or 'true' != 'true') and '15.0' != '10.0' and '' != '').
Задача "MSBuild" пропущена из-за невыполненного условия; выражение ('%(_MSBuildProjectReferenceExistent.BuildReference)' == 'true' and '@(ProjectReferenceWithConfiguration)' != '' and ('$(BuildingInsideVisualStudio)' == 'true' or '$(BuildProjectReferences)' != 'true') and '$(VisualStudioVersion)' == '10.0' and '@(_MSBuildProjectReferenceExistent)' != '') равно ('' == 'true' and '' != '' and ('' == 'true' or 'true' != 'true') and '15.0' == '10.0' and '' != '').
Задача "MSBuild" пропущена из-за невыполненного условия; выражение ('%(_MSBuildProjectReferenceExistent.BuildReference)' == 'true' and '@(ProjectReferenceWithConfiguration)' != '' and '$(BuildingInsideVisualStudio)' != 'true' and '$(BuildProjectReferences)' == 'true' and '@(_MSBuildProjectReferenceExistent)' != '') равно ('' == 'true' and '' != '' and '' != 'true' and 'true' == 'true' and '' != '').
Задача "MSBuild" пропущена из-за невыполненного условия; выражение ('%(_MSBuildProjectReferenceExistent.BuildReference)' == 'true' and '@(ProjectReferenceWithConfiguration)' != '' and '$(BuildingProject)' == 'true' and '@(_MSBuildProjectReferenceExistent)' != '') равно ('' == 'true' and '' != '' and 'true' == 'true' and '' != '').
Задача "Warning" пропущена из-за невыполненного условия; выражение ('@(ProjectReferenceWithConfiguration)' != '' and '@(_MSBuildProjectReferenceNonexistent)' != '') равно ('' != '' and '' != '').
Сборка целевого объекта "ResolveProjectReferences" в проекте "TestProject.csproj" завершена.
Целевой объект "FindInvalidProjectReferences" пропущен из-за невыполненного условия; выражение ('$(FindInvalidProjectReferences)' == 'true') равно ('' == 'true').
Целевой объект "ResolveNativeReferences" в файле "D:\Dev\C++\FalcoEngine\Mono\lib\mono\msbuild\15.0\bin\Microsoft.Common.Mono.targets" из проекта "D:\Dev\C++\FalcoEngine\TestProject\TestProject\TestProject.csproj" (целевой объект "ResolveReferences" зависит от него):
Сборка целевого объекта "ResolveNativeReferences" в проекте "TestProject.csproj" завершена.
Целевой объект "GetFrameworkPaths" пропущен. Предыдущая сборка успешна.
Целевой объект "GetReferenceAssemblyPaths" пропущен. Предыдущая сборка успешна.
Целевой объект "PrepareForBuild" пропущен. Предыдущая сборка успешна.
Целевой объект "GetInstalledSDKLocations" пропущен из-за невыполненного условия; выражение ('@(SDKReference)' != '') равно ('' != '').
Целевой объект "ResolveSDKReferences" в файле "D:\Dev\C++\FalcoEngine\Mono\lib\mono\msbuild\15.0\bin\Microsoft.Common.CurrentVersion.targets" из проекта "D:\Dev\C++\FalcoEngine\TestProject\TestProject\TestProject.csproj" (целевой объект "ResolveAssemblyReferences" зависит от него):
Задача "ResolveSDKReference" пропущена из-за невыполненного условия; выражение ('@(SDKReference)'!='') равно (''!='').
Сборка целевого объекта "ResolveSDKReferences" в проекте "TestProject.csproj" завершена.
Целевой объект "ResolveSDKReferences" пропущен. Предыдущая сборка успешна.
Целевой объект "ExpandSDKReferences" в файле "D:\Dev\C++\FalcoEngine\Mono\lib\mono\msbuild\15.0\bin\Microsoft.Common.CurrentVersion.targets" из проекта "D:\Dev\C++\FalcoEngine\TestProject\TestProject\TestProject.csproj" (целевой объект "ResolveAssemblyReferences" зависит от него):
Задача "GetSDKReferenceFiles" пропущена из-за невыполненного условия; выражение ('@(ResolvedSDKReference)'!='') равно (''!='').
Сборка целевого объекта "ExpandSDKReferences" в проекте "TestProject.csproj" завершена.
Целевой объект "ResolveAssemblyReferences" в файле "D:\Dev\C++\FalcoEngine\Mono\lib\mono\msbuild\15.0\bin\Microsoft.Common.CurrentVersion.targets" из проекта "D:\Dev\C++\FalcoEngine\TestProject\TestProject\TestProject.csproj" (целевой объект "ResolveReferences" зависит от него):
Используется задача "ResolveAssemblyReference" из сборки "Microsoft.Build.Tasks.Core, Version=15.1.0.0, Culture=neutral, PublicKeyToken=b03f5f7f11d50a3a".
Задача "ResolveAssemblyReference"
  TargetFrameworkMoniker:
      .NETFramework,Version=v4.5
  TargetFrameworkMonikerDisplayName:
      .NET Framework 4.5
  TargetedRuntimeVersion:
      v4.0.30319
  Assemblies:
      Mono.CSharp
          HintPath = "..\..\Mono\lib\mono\4.5-api\Mono.CSharp.dll"
      mscorlib
          HintPath = "..\..\Mono\lib\mono\4.5-api\mscorlib.dll"
      System
          HintPath = "..\..\Mono\lib\mono\4.5-api\System.XML.dll"
      System.XML
          HintPath = "..\..\Mono\lib\mono\4.5-api\System.dll"
      System.Runtime
          HintPath = "..\..\Mono\lib\mono\4.5\System.Runtime.dll"
      System.Runtime.Serialization
          HintPath = "..\..\Mono\lib\mono\4.5\System.Runtime.Serialization.dll"
      System.Core
  AssemblyFiles:
  CandidateAssemblyFiles:
  TargetFrameworkDirectories:
      C:\Program Files (x86)\Reference Assemblies\Microsoft\Framework\.NETFramework\v4.5\,C:\Program Files (x86)\Reference Assemblies\Microsoft\Framework\.NETFramework\v4.5\Facades\
  InstalledAssemblyTables:
  IgnoreInstalledAssemblyTable:
      False
  SearchPaths:
      {CandidateAssemblyFiles}
      {HintPathFromItem}
      {TargetFrameworkDirectory}
      {Registry:Software\Microsoft\.NETFramework,v4.5,AssemblyFoldersEx}
      {AssemblyFolders}
      {GAC}
      {RawFileName}
      bin\Release\
  AllowedAssemblyExtensions:
      .winmd
      .dll
      .exe
  AllowedRelatedFileExtensions:
      .pdb
      .xml
      .pri
      .dll.config
      .exe.config
  AppConfigFile:
      
  AutoUnify:
      True
  CopyLocalDependenciesWhenParentReferenceInGac:
      True
  FindDependencies:
      True
  TargetProcessorArchitecture:
      msil
  StateFile:
      \Release\TestProject.csprojAssemblyReference.cache
  InstalledAssemblySubsetTables:
  IgnoreInstalledAssemblySubsetTable:
      False
  TargetFrameworkSubsets:
  FullTargetFrameworkSubsetNames:
      Full
  ProfileName:
      
  FullFrameworkFolders:
      C:\Program Files (x86)\Reference Assemblies\Microsoft\Framework\.NETFramework\v4.5\
  LatestTargetFrameworkDirectories:
  ProfileTablesLocation:
  Первичная ссылка "Mono.CSharp, Version=4.0.0.0, Culture=neutral, PublicKeyToken=0738eb9f132ed756".
      Разрешенный путь к файлу - "D:\Dev\C++\FalcoEngine\Mono\lib\mono\4.5-api\Mono.CSharp.dll".
      Обнаружена ссылка в расположении пути поиска "{HintPathFromItem}".
      Значение ImageRuntimeVersion для данной ссылки: "v4.0.30319".
  Первичная ссылка "mscorlib, Version=4.0.0.0, Culture=neutral, PublicKeyToken=b77a5c561934e089".
      Разрешенный путь к файлу - "D:\Dev\C++\FalcoEngine\Mono\lib\mono\4.5-api\mscorlib.dll".
      Обнаружена ссылка в расположении пути поиска "{HintPathFromItem}".
      Значение ImageRuntimeVersion для данной ссылки: "v4.0.30319".
  Первичная ссылка "System.Xml, Version=4.0.0.0, Culture=neutral, PublicKeyToken=b77a5c561934e089".
      Разрешенный путь к файлу - "D:\Dev\C++\FalcoEngine\Mono\lib\mono\4.5-api\System.XML.dll".
      Обнаружена ссылка в расположении пути поиска "{HintPathFromItem}".
      Значение ImageRuntimeVersion для данной ссылки: "v4.0.30319".
  Первичная ссылка "System, Version=4.0.0.0, Culture=neutral, PublicKeyToken=b77a5c561934e089".
      Разрешенный путь к файлу - "D:\Dev\C++\FalcoEngine\Mono\lib\mono\4.5-api\System.dll".
      Обнаружена ссылка в расположении пути поиска "{HintPathFromItem}".
      Значение ImageRuntimeVersion для данной ссылки: "v4.0.30319".
  Первичная ссылка "System.Runtime, Version=4.0.0.0, Culture=neutral, PublicKeyToken=b03f5f7f11d50a3a".
      Разрешенный путь к файлу - "C:\Program Files (x86)\Reference Assemblies\Microsoft\Framework\.NETFramework\v4.5\Facades\System.Runtime.dll".
      Обнаружена ссылка в расположении пути поиска "{TargetFrameworkDirectory}".
          Для SearchPath "{HintPathFromItem}".
          Рассмотрено "..\..\Mono\lib\mono\4.5\System.Runtime.dll", но не существует.
          Для SearchPath "{TargetFrameworkDirectory}".
          Рассмотрено "C:\Program Files (x86)\Reference Assemblies\Microsoft\Framework\.NETFramework\v4.5\System.Runtime.winmd", но не существует.
          Рассмотрено "C:\Program Files (x86)\Reference Assemblies\Microsoft\Framework\.NETFramework\v4.5\System.Runtime.dll", но не существует.
          Рассмотрено "C:\Program Files (x86)\Reference Assemblies\Microsoft\Framework\.NETFramework\v4.5\System.Runtime.exe", но не существует.
          Рассмотрено "C:\Program Files (x86)\Reference Assemblies\Microsoft\Framework\.NETFramework\v4.5\Facades\System.Runtime.winmd", но не существует.
      Данная ссылка не является "CopyLocal", так как это необходимый файл.
      Значение ImageRuntimeVersion для данной ссылки: "v4.0.30319".
  Первичная ссылка "System.Runtime.Serialization, Version=4.0.0.0, Culture=neutral, PublicKeyToken=b77a5c561934e089".
      Разрешенный путь к файлу - "D:\Dev\C++\FalcoEngine\Mono\lib\mono\4.5\System.Runtime.Serialization.dll".
      Обнаружена ссылка в расположении пути поиска "{HintPathFromItem}".
      Значение ImageRuntimeVersion для данной ссылки: "v4.0.30319".
  Первичная ссылка "System.Core, Version=4.0.0.0, Culture=neutral, PublicKeyToken=b77a5c561934e089".
      Разрешенный путь к файлу - "C:\Program Files (x86)\Reference Assemblies\Microsoft\Framework\.NETFramework\v4.5\System.Core.dll".
      Обнаружена ссылка в расположении пути поиска "{TargetFrameworkDirectory}".
          Для SearchPath "{TargetFrameworkDirectory}".
          Рассмотрено "C:\Program Files (x86)\Reference Assemblies\Microsoft\Framework\.NETFramework\v4.5\System.Core.winmd", но не существует.
      Данная ссылка не является "CopyLocal", так как это необходимый файл.
      Значение ImageRuntimeVersion для данной ссылки: "v4.0.30319".
Выполнение задачи "ResolveAssemblyReference" завершено.
Сборка целевого объекта "ResolveAssemblyReferences" в проекте "TestProject.csproj" завершена.
Целевой объект "GenerateBindingRedirects" пропущен из-за невыполненного условия; выражение ('$(AutoGenerateBindingRedirects)' == 'true' and '$(GenerateBindingRedirectsOutputType)' == 'true') равно ('' == 'true' and '' == 'true').
Целевой объект "GenerateBindingRedirectsUpdateAppConfig" пропущен из-за невыполненного условия; выражение ('$(AutoGenerateBindingRedirects)' == 'true' and '$(GenerateBindingRedirectsOutputType)' == 'true' and Exists('$(_GenerateBindingRedirectsIntermediateAppConfig)')) равно ('' == 'true' and '' == 'true' and Exists('\Release\TestProject.dll.config')).
Целевой объект "ResolveComReferences" пропущен из-за невыполненного условия; выражение ('@(COMReference)'!='' or '@(COMFileReference)'!='') равно (''!='' or ''!='').
Целевой объект "AfterResolveReferences" в файле "D:\Dev\C++\FalcoEngine\Mono\lib\mono\msbuild\15.0\bin\Microsoft.Common.CurrentVersion.targets" из проекта "D:\Dev\C++\FalcoEngine\TestProject\TestProject\TestProject.csproj" (целевой объект "ResolveReferences" зависит от него):
Сборка целевого объекта "AfterResolveReferences" в проекте "TestProject.csproj" завершена.
Целевой объект "GetReferenceAssemblyPaths" пропущен. Предыдущая сборка успешна.
Целевой объект "ImplicitlyExpandDesignTimeFacades" в файле "D:\Dev\C++\FalcoEngine\Mono\lib\mono\msbuild\15.0\bin\Microsoft.NETFramework.CurrentVersion.targets" из проекта "D:\Dev\C++\FalcoEngine\TestProject\TestProject\TestProject.csproj" (целевой объект "ResolveReferences" зависит от него):
Задача "Message" пропущена из-за невыполненного условия; выражение ('%(ReferencePath.ResolvedFrom)' == 'ImplicitlyExpandDesignTimeFacades') равно ('{HintPathFromItem}' == 'ImplicitlyExpandDesignTimeFacades').
Задача "Message" пропущена из-за невыполненного условия; выражение ('%(ReferencePath.ResolvedFrom)' == 'ImplicitlyExpandDesignTimeFacades') равно ('{TargetFrameworkDirectory}' == 'ImplicitlyExpandDesignTimeFacades').
Задача "Message"
  Including C:\Program Files (x86)\Reference Assemblies\Microsoft\Framework\.NETFramework\v4.5\Facades\System.Collections.Concurrent.dll;C:\Program Files (x86)\Reference Assemblies\Microsoft\Framework\.NETFramework\v4.5\Facades\System.Collections.dll;C:\Program Files (x86)\Reference Assemblies\Microsoft\Framework\.NETFramework\v4.5\Facades\System.ComponentModel.Annotations.dll;C:\Program Files (x86)\Reference Assemblies\Microsoft\Framework\.NETFramework\v4.5\Facades\System.ComponentModel.dll;C:\Program Files (x86)\Reference Assemblies\Microsoft\Framework\.NETFramework\v4.5\Facades\System.ComponentModel.EventBasedAsync.dll;C:\Program Files (x86)\Reference Assemblies\Microsoft\Framework\.NETFramework\v4.5\Facades\System.Diagnostics.Contracts.dll;C:\Program Files (x86)\Reference Assemblies\Microsoft\Framework\.NETFramework\v4.5\Facades\System.Diagnostics.Debug.dll;C:\Program Files (x86)\Reference Assemblies\Microsoft\Framework\.NETFramework\v4.5\Facades\System.Diagnostics.Tools.dll;C:\Program Files (x86)\Reference Assemblies\Microsoft\Framework\.NETFramework\v4.5\Facades\System.Diagnostics.Tracing.dll;C:\Program Files (x86)\Reference Assemblies\Microsoft\Framework\.NETFramework\v4.5\Facades\System.Dynamic.Runtime.dll;C:\Program Files (x86)\Reference Assemblies\Microsoft\Framework\.NETFramework\v4.5\Facades\System.Globalization.dll;C:\Program Files (x86)\Reference Assemblies\Microsoft\Framework\.NETFramework\v4.5\Facades\System.IO.dll;C:\Program Files (x86)\Reference Assemblies\Microsoft\Framework\.NETFramework\v4.5\Facades\System.Linq.dll;C:\Program Files (x86)\Reference Assemblies\Microsoft\Framework\.NETFramework\v4.5\Facades\System.Linq.Expressions.dll;C:\Program Files (x86)\Reference Assemblies\Microsoft\Framework\.NETFramework\v4.5\Facades\System.Linq.Parallel.dll;C:\Program Files (x86)\Reference Assemblies\Microsoft\Framework\.NETFramework\v4.5\Facades\System.Linq.Queryable.dll;C:\Program Files (x86)\Reference Assemblies\Microsoft\Framework\.NETFramework\v4.5\Facades\System.Net.NetworkInformation.dll;C:\Program Files (x86)\Reference Assemblies\Microsoft\Framework\.NETFramework\v4.5\Facades\System.Net.Primitives.dll;C:\Program Files (x86)\Reference Assemblies\Microsoft\Framework\.NETFramework\v4.5\Facades\System.Net.Requests.dll;C:\Program Files (x86)\Reference Assemblies\Microsoft\Framework\.NETFramework\v4.5\Facades\System.ObjectModel.dll;C:\Program Files (x86)\Reference Assemblies\Microsoft\Framework\.NETFramework\v4.5\Facades\System.Reflection.dll;C:\Program Files (x86)\Reference Assemblies\Microsoft\Framework\.NETFramework\v4.5\Facades\System.Reflection.Emit.dll;C:\Program Files (x86)\Reference Assemblies\Microsoft\Framework\.NETFramework\v4.5\Facades\System.Reflection.Emit.ILGeneration.dll;C:\Program Files (x86)\Reference Assemblies\Microsoft\Framework\.NETFramework\v4.5\Facades\System.Reflection.Emit.Lightweight.dll;C:\Program Files (x86)\Reference Assemblies\Microsoft\Framework\.NETFramework\v4.5\Facades\System.Reflection.Extensions.dll;C:\Program Files (x86)\Reference Assemblies\Microsoft\Framework\.NETFramework\v4.5\Facades\System.Reflection.Primitives.dll;C:\Program Files (x86)\Reference Assemblies\Microsoft\Framework\.NETFramework\v4.5\Facades\System.Resources.ResourceManager.dll;C:\Program Files (x86)\Reference Assemblies\Microsoft\Framework\.NETFramework\v4.5\Facades\System.Runtime.Extensions.dll;C:\Program Files (x86)\Reference Assemblies\Microsoft\Framework\.NETFramework\v4.5\Facades\System.Runtime.InteropServices.dll;C:\Program Files (x86)\Reference Assemblies\Microsoft\Framework\.NETFramework\v4.5\Facades\System.Runtime.InteropServices.WindowsRuntime.dll;C:\Program Files (x86)\Reference Assemblies\Microsoft\Framework\.NETFramework\v4.5\Facades\System.Runtime.Numerics.dll;C:\Program Files (x86)\Reference Assemblies\Microsoft\Framework\.NETFramework\v4.5\Facades\System.Runtime.Serialization.Json.dll;C:\Program Files (x86)\Reference Assemblies\Microsoft\Framework\.NETFramework\v4.5\Facades\System.Runtime.Serialization.Primitives.dll;C:\Program Files (x86)\Reference Assemblies\Microsoft\Framework\.NETFramework\v4.5\Facades\System.Runtime.Serialization.Xml.dll;C:\Program Files (x86)\Reference Assemblies\Microsoft\Framework\.NETFramework\v4.5\Facades\System.Security.Principal.dll;C:\Program Files (x86)\Reference Assemblies\Microsoft\Framework\.NETFramework\v4.5\Facades\System.ServiceModel.Duplex.dll;C:\Program Files (x86)\Reference Assemblies\Microsoft\Framework\.NETFramework\v4.5\Facades\System.ServiceModel.Http.dll;C:\Program Files (x86)\Reference Assemblies\Microsoft\Framework\.NETFramework\v4.5\Facades\System.ServiceModel.NetTcp.dll;C:\Program Files (x86)\Reference Assemblies\Microsoft\Framework\.NETFramework\v4.5\Facades\System.ServiceModel.Primitives.dll;C:\Program Files (x86)\Reference Assemblies\Microsoft\Framework\.NETFramework\v4.5\Facades\System.ServiceModel.Security.dll;C:\Program Files (x86)\Reference Assemblies\Microsoft\Framework\.NETFramework\v4.5\Facades\System.Text.Encoding.dll;C:\Program Files (x86)\Reference Assemblies\Microsoft\Framework\.NETFramework\v4.5\Facades\System.Text.Encoding.Extensions.dll;C:\Program Files (x86)\Reference Assemblies\Microsoft\Framework\.NETFramework\v4.5\Facades\System.Text.RegularExpressions.dll;C:\Program Files (x86)\Reference Assemblies\Microsoft\Framework\.NETFramework\v4.5\Facades\System.Threading.dll;C:\Program Files (x86)\Reference Assemblies\Microsoft\Framework\.NETFramework\v4.5\Facades\System.Threading.Tasks.dll;C:\Program Files (x86)\Reference Assemblies\Microsoft\Framework\.NETFramework\v4.5\Facades\System.Threading.Tasks.Parallel.dll;C:\Program Files (x86)\Reference Assemblies\Microsoft\Framework\.NETFramework\v4.5\Facades\System.Xml.ReaderWriter.dll;C:\Program Files (x86)\Reference Assemblies\Microsoft\Framework\.NETFramework\v4.5\Facades\System.Xml.XDocument.dll;C:\Program Files (x86)\Reference Assemblies\Microsoft\Framework\.NETFramework\v4.5\Facades\System.Xml.XmlSerializer.dll
Выполнение задачи "Message" завершено.
Сборка целевого объекта "ImplicitlyExpandDesignTimeFacades" в проекте "TestProject.csproj" завершена.
Целевой объект "ResolveReferences" в файле "D:\Dev\C++\FalcoEngine\Mono\lib\mono\msbuild\15.0\bin\Microsoft.Common.CurrentVersion.targets" из проекта "D:\Dev\C++\FalcoEngine\TestProject\TestProject\TestProject.csproj" (целевой объект "CoreBuild" зависит от него):
Сборка целевого объекта "ResolveReferences" в проекте "TestProject.csproj" завершена.
Целевой объект "AssignTargetPaths" в файле "D:\Dev\C++\FalcoEngine\Mono\lib\mono\msbuild\15.0\bin\Microsoft.Common.CurrentVersion.targets" из проекта "D:\Dev\C++\FalcoEngine\TestProject\TestProject\TestProject.csproj" (целевой объект "PrepareResourceNames" зависит от него):
Используется задача "AssignTargetPath" из сборки "Microsoft.Build.Tasks.Core, Version=15.1.0.0, Culture=neutral, PublicKeyToken=b03f5f7f11d50a3a".
Задача "AssignTargetPath"
Выполнение задачи "AssignTargetPath" завершено.
Задача "AssignTargetPath"
Выполнение задачи "AssignTargetPath" завершено.
Задача "AssignTargetPath"
Выполнение задачи "AssignTargetPath" завершено.
Задача "AssignTargetPath"
Выполнение задачи "AssignTargetPath" завершено.
Задача "AssignTargetPath" пропущена из-за невыполненного условия; выражение ('@(_DeploymentBaseManifestWithTargetPath)'=='' and '%(None.Extension)'=='.manifest') равно (''=='' and ''=='.manifest').
Сборка целевого объекта "AssignTargetPaths" в проекте "TestProject.csproj" завершена.
Целевой объект "AssignTargetPaths" пропущен. Предыдущая сборка успешна.
Целевой объект "SplitResourcesByCulture" в файле "D:\Dev\C++\FalcoEngine\Mono\lib\mono\msbuild\15.0\bin\Microsoft.Common.CurrentVersion.targets" из проекта "D:\Dev\C++\FalcoEngine\TestProject\TestProject\TestProject.csproj" (целевой объект "PrepareResourceNames" зависит от него):
Задача "Warning" пропущена из-за невыполненного условия; выражение ('@(ResxWithNoCulture)'!='') равно (''!='').
Задача "Warning" пропущена из-за невыполненного условия; выражение ('@(ResxWithCulture)'!='') равно (''!='').
Задача "Warning" пропущена из-за невыполненного условия; выражение ('@(NonResxWithCulture)'!='') равно (''!='').
Задача "Warning" пропущена из-за невыполненного условия; выражение ('@(NonResxWithNoCulture)'!='') равно (''!='').
Используется задача "AssignCulture" из сборки "Microsoft.Build.Tasks.Core, Version=15.1.0.0, Culture=neutral, PublicKeyToken=b03f5f7f11d50a3a".
Задача "AssignCulture"
Выполнение задачи "AssignCulture" завершено.
Сборка целевого объекта "SplitResourcesByCulture" в проекте "TestProject.csproj" завершена.
Целевой объект "CreateManifestResourceNames" в файле "D:\Dev\C++\FalcoEngine\Mono\lib\mono\msbuild\15.0\bin\Microsoft.CSharp.Falco.targets" из проекта "D:\Dev\C++\FalcoEngine\TestProject\TestProject\TestProject.csproj" (целевой объект "PrepareResourceNames" зависит от него):
Задача "CreateCSharpManifestResourceName" пропущена из-за невыполненного условия; выражение ('@(ResxWithNoCulture)' != '') равно ('' != '').
Задача "CreateCSharpManifestResourceName" пропущена из-за невыполненного условия; выражение ('@(NonResxWithNoCulture)' != '') равно ('' != '').
Задача "CreateCSharpManifestResourceName" пропущена из-за невыполненного условия; выражение ('@(ResxWithCulture)' != '') равно ('' != '').
Задача "CreateCSharpManifestResourceName" пропущена из-за невыполненного условия; выражение ('@(NonResxWithCulture)' != '') равно ('' != '').
Сборка целевого объекта "CreateManifestResourceNames" в проекте "TestProject.csproj" завершена.
Целевой объект "CreateCustomManifestResourceNames" в файле "D:\Dev\C++\FalcoEngine\Mono\lib\mono\msbuild\15.0\bin\Microsoft.Common.CurrentVersion.targets" из проекта "D:\Dev\C++\FalcoEngine\TestProject\TestProject\TestProject.csproj" (целевой объект "PrepareResourceNames" зависит от него):
Сборка целевого объекта "CreateCustomManifestResourceNames" в проекте "TestProject.csproj" завершена.
Целевой объект "PrepareResourceNames" в файле "D:\Dev\C++\FalcoEngine\Mono\lib\mono\msbuild\15.0\bin\Microsoft.Common.CurrentVersion.targets" из проекта "D:\Dev\C++\FalcoEngine\TestProject\TestProject\TestProject.csproj" (целевой объект "PrepareResources" зависит от него):
Сборка целевого объекта "PrepareResourceNames" в проекте "TestProject.csproj" завершена.
Целевой объект "ResolveAssemblyReferences" пропущен. Предыдущая сборка успешна.
Целевой объект "SplitResourcesByCulture" пропущен. Предыдущая сборка успешна.
Целевой объект "BeforeResGen" в файле "D:\Dev\C++\FalcoEngine\Mono\lib\mono\msbuild\15.0\bin\Microsoft.Common.CurrentVersion.targets" из проекта "D:\Dev\C++\FalcoEngine\TestProject\TestProject\TestProject.csproj" (целевой объект "ResGen" зависит от него):
Сборка целевого объекта "BeforeResGen" в проекте "TestProject.csproj" завершена.
Целевой объект "ResolveReferences" пропущен. Предыдущая сборка успешна.
Целевой объект "FindReferenceAssembliesForReferences" в файле "D:\Dev\C++\FalcoEngine\Mono\lib\mono\msbuild\15.0\bin\Microsoft.Common.CurrentVersion.targets" из проекта "D:\Dev\C++\FalcoEngine\TestProject\TestProject\TestProject.csproj" (целевой объект "CoreResGen" зависит от него):
Сборка целевого объекта "FindReferenceAssembliesForReferences" в проекте "TestProject.csproj" завершена.
Целевой объект "CoreResGen" в файле "D:\Dev\C++\FalcoEngine\Mono\lib\mono\msbuild\15.0\bin\Microsoft.Common.CurrentVersion.targets" из проекта "D:\Dev\C++\FalcoEngine\TestProject\TestProject\TestProject.csproj" (целевой объект "ResGen" зависит от него):
Задача "GenerateResource" пропущена из-за невыполненного условия; выражение ('%(EmbeddedResource.Type)' == 'Resx' and '%(EmbeddedResource.GenerateResource)' != 'false' and '$(GenerateResourceMSBuildRuntime)' != 'CLR2') равно ('' == 'Resx' and '' != 'false' and 'CurrentRuntime' != 'CLR2').
Задача "GenerateResource" пропущена из-за невыполненного условия; выражение ('%(EmbeddedResource.Type)' == 'Resx' and '%(EmbeddedResource.GenerateResource)' != 'false' and '$(GenerateResourceMSBuildRuntime)' == 'CLR2') равно ('' == 'Resx' and '' != 'false' and 'CurrentRuntime' == 'CLR2').
Сборка целевого объекта "CoreResGen" в проекте "TestProject.csproj" завершена.
Целевой объект "AfterResGen" в файле "D:\Dev\C++\FalcoEngine\Mono\lib\mono\msbuild\15.0\bin\Microsoft.Common.CurrentVersion.targets" из проекта "D:\Dev\C++\FalcoEngine\TestProject\TestProject\TestProject.csproj" (целевой объект "ResGen" зависит от него):
Сборка целевого объекта "AfterResGen" в проекте "TestProject.csproj" завершена.
Целевой объект "ResGen" в файле "D:\Dev\C++\FalcoEngine\Mono\lib\mono\msbuild\15.0\bin\Microsoft.Common.CurrentVersion.targets" из проекта "D:\Dev\C++\FalcoEngine\TestProject\TestProject\TestProject.csproj" (целевой объект "PrepareResources" зависит от него):
Сборка целевого объекта "ResGen" в проекте "TestProject.csproj" завершена.
Целевой объект "CompileLicxFiles" пропущен из-за невыполненного условия; выражение ('@(_LicxFile)'!='') равно (''!='').
Целевой объект "PrepareResources" в файле "D:\Dev\C++\FalcoEngine\Mono\lib\mono\msbuild\15.0\bin\Microsoft.Common.CurrentVersion.targets" из проекта "D:\Dev\C++\FalcoEngine\TestProject\TestProject\TestProject.csproj" (целевой объект "CoreBuild" зависит от него):
Сборка целевого объекта "PrepareResources" в проекте "TestProject.csproj" завершена.
Целевой объект "ResolveKeySource" пропущен из-за невыполненного условия; выражение ($(SignManifests) == 'true' or $(SignAssembly) == 'true') равно ( == 'true' or  == 'true').
Целевой объект "ResolveReferences" пропущен. Предыдущая сборка успешна.
Целевой объект "ResolveKeySource" пропущен из-за невыполненного условия; выражение ($(SignManifests) == 'true' or $(SignAssembly) == 'true') равно ( == 'true' or  == 'true').
Целевой объект "ResolveComReferences" пропущен из-за невыполненного условия; выражение ('@(COMReference)'!='' or '@(COMFileReference)'!='') равно (''!='' or ''!='').
Целевой объект "ResolveNativeReferences" пропущен. Предыдущая сборка успешна.
Целевой объект "_SetExternalWin32ManifestProperties" пропущен из-за невыполненного условия; выражение ('$(GenerateClickOnceManifests)'=='true' or '@(NativeReference)'!='' or '@(ResolvedIsolatedComModules)'!='') равно (''=='true' or ''!='' or ''!='').
Целевой объект "_SetEmbeddedWin32ManifestProperties" в файле "D:\Dev\C++\FalcoEngine\Mono\lib\mono\msbuild\15.0\bin\Microsoft.Common.CurrentVersion.targets" из проекта "D:\Dev\C++\FalcoEngine\TestProject\TestProject\TestProject.csproj" (целевой объект "SetWin32ManifestProperties" зависит от него):
Используется задача "GetFrameworkPath" из сборки "Microsoft.Build.Tasks.Core, Version=15.1.0.0, Culture=neutral, PublicKeyToken=b03f5f7f11d50a3a".
Задача "GetFrameworkPath"
Выполнение задачи "GetFrameworkPath" завершено.
Сборка целевого объекта "_SetEmbeddedWin32ManifestProperties" в проекте "TestProject.csproj" завершена.
Целевой объект "SetWin32ManifestProperties" в файле "D:\Dev\C++\FalcoEngine\Mono\lib\mono\msbuild\15.0\bin\Microsoft.Common.CurrentVersion.targets" из проекта "D:\Dev\C++\FalcoEngine\TestProject\TestProject\TestProject.csproj" (целевой объект "Compile" зависит от него):
Сборка целевого объекта "SetWin32ManifestProperties" в проекте "TestProject.csproj" завершена.
Целевой объект "FindReferenceAssembliesForReferences" пропущен. Предыдущая сборка успешна.
Целевой объект "_GenerateCompileInputs" в файле "D:\Dev\C++\FalcoEngine\Mono\lib\mono\msbuild\15.0\bin\Microsoft.Common.CurrentVersion.targets" из проекта "D:\Dev\C++\FalcoEngine\TestProject\TestProject\TestProject.csproj" (целевой объект "Compile" зависит от него):
Задача "Warning" пропущена из-за невыполненного условия; выражение ('@(ManifestResourceWithNoCulture)'!='' and '%(ManifestResourceWithNoCulture.EmittedForCompatibilityOnly)'=='') равно (''!='' and ''=='').
Задача "Warning" пропущена из-за невыполненного условия; выражение ('@(ManifestNonResxWithNoCultureOnDisk)'!='' and '%(ManifestNonResxWithNoCultureOnDisk.EmittedForCompatibilityOnly)'=='') равно (''!='' and ''=='').
Сборка целевого объекта "_GenerateCompileInputs" в проекте "TestProject.csproj" завершена.
Целевой объект "GenerateAdditionalSources" пропущен из-за невыполненного условия; выражение ('@(AssemblyAttributes)' != '' and '$(GenerateAdditionalSources)' == 'true') равно ('' != '' and '' == 'true').
Целевой объект "BeforeCompile" в файле "D:\Dev\C++\FalcoEngine\Mono\lib\mono\msbuild\15.0\bin\Microsoft.Common.CurrentVersion.targets" из проекта "D:\Dev\C++\FalcoEngine\TestProject\TestProject\TestProject.csproj" (целевой объект "Compile" зависит от него):
Сборка целевого объекта "BeforeCompile" в проекте "TestProject.csproj" завершена.
Целевой объект "_TimeStampBeforeCompile" пропущен из-за невыполненного условия; выражение ('$(RunPostBuildEvent)'=='OnOutputUpdated' or ('$(RegisterForComInterop)'=='true' and '$(OutputType)'=='library')) равно (''=='OnOutputUpdated' or (''=='true' and 'Library'=='library')).
Целевой объект "ResolveAssemblyReferences" пропущен. Предыдущая сборка успешна.
Целевой объект "_GenerateCompileDependencyCache" в файле "D:\Dev\C++\FalcoEngine\Mono\lib\mono\msbuild\15.0\bin\Microsoft.Common.CurrentVersion.targets" из проекта "D:\Dev\C++\FalcoEngine\TestProject\TestProject\TestProject.csproj" (целевой объект "Compile" зависит от него):
Используется задача "Hash" из сборки "Microsoft.Build.Tasks.Core, Version=15.1.0.0, Culture=neutral, PublicKeyToken=b03f5f7f11d50a3a".
Задача "Hash"
Выполнение задачи "Hash" завершено.
Задача "WriteLinesToFile"
Выполнение задачи "WriteLinesToFile" завершено.
Сборка целевого объекта "_GenerateCompileDependencyCache" в проекте "TestProject.csproj" завершена.
Целевой объект "CoreCompile" в файле "D:\Dev\C++\FalcoEngine\Mono\lib\mono\msbuild\15.0\bin\Microsoft.CSharp.Falco.targets" из проекта "D:\Dev\C++\FalcoEngine\TestProject\TestProject\TestProject.csproj" (целевой объект "Compile" зависит от него):
Полная сборка целевого объекта "CoreCompile".
Выходной файл "\Release\TestProject.dll" не существует.
Используется задача "Csc" из сборки "D:\Dev\C++\FalcoEngine\Mono\lib\mono\msbuild\15.0\bin\Roslyn\Microsoft.Build.Tasks.CodeAnalysis.dll".
Задача "Csc"
  D:\Dev\C++\FalcoEngine\Mono\lib\mono\msbuild\15.0\bin\Roslyn\csc.exe /noconfig /errorreport:prompt /warn:4 /define:TRACE /reference:D:\Dev\C++\FalcoEngine\Mono\lib\mono\4.5-api\Mono.CSharp.dll /reference:D:\Dev\C++\FalcoEngine\Mono\lib\mono\4.5-api\mscorlib.dll /reference:"C:\Program Files (x86)\Reference Assemblies\Microsoft\Framework\.NETFramework\v4.5\System.Core.dll" /reference:D:\Dev\C++\FalcoEngine\Mono\lib\mono\4.5-api\System.dll /reference:"C:\Program Files (x86)\Reference Assemblies\Microsoft\Framework\.NETFramework\v4.5\Facades\System.Runtime.dll" /reference:D:\Dev\C++\FalcoEngine\Mono\lib\mono\4.5\System.Runtime.Serialization.dll /reference:D:\Dev\C++\FalcoEngine\Mono\lib\mono\4.5-api\System.XML.dll /reference:"C:\Program Files (x86)\Reference Assemblies\Microsoft\Framework\.NETFramework\v4.5\Facades\System.Collections.Concurrent.dll" /reference:"C:\Program Files (x86)\Reference Assemblies\Microsoft\Framework\.NETFramework\v4.5\Facades\System.Collections.dll" /reference:"C:\Program Files (x86)\Reference Assemblies\Microsoft\Framework\.NETFramework\v4.5\Facades\System.ComponentModel.Annotations.dll" /reference:"C:\Program Files (x86)\Reference Assemblies\Microsoft\Framework\.NETFramework\v4.5\Facades\System.ComponentModel.dll" /reference:"C:\Program Files (x86)\Reference Assemblies\Microsoft\Framework\.NETFramework\v4.5\Facades\System.ComponentModel.EventBasedAsync.dll" /reference:"C:\Program Files (x86)\Reference Assemblies\Microsoft\Framework\.NETFramework\v4.5\Facades\System.Diagnostics.Contracts.dll" /reference:"C:\Program Files (x86)\Reference Assemblies\Microsoft\Framework\.NETFramework\v4.5\Facades\System.Diagnostics.Debug.dll" /reference:"C:\Program Files (x86)\Reference Assemblies\Microsoft\Framework\.NETFramework\v4.5\Facades\System.Diagnostics.Tools.dll" /reference:"C:\Program Files (x86)\Reference Assemblies\Microsoft\Framework\.NETFramework\v4.5\Facades\System.Diagnostics.Tracing.dll" /reference:"C:\Program Files (x86)\Reference Assemblies\Microsoft\Framework\.NETFramework\v4.5\Facades\System.Dynamic.Runtime.dll" /reference:"C:\Program Files (x86)\Reference Assemblies\Microsoft\Framework\.NETFramework\v4.5\Facades\System.Globalization.dll" /reference:"C:\Program Files (x86)\Reference Assemblies\Microsoft\Framework\.NETFramework\v4.5\Facades\System.IO.dll" /reference:"C:\Program Files (x86)\Reference Assemblies\Microsoft\Framework\.NETFramework\v4.5\Facades\System.Linq.dll" /reference:"C:\Program Files (x86)\Reference Assemblies\Microsoft\Framework\.NETFramework\v4.5\Facades\System.Linq.Expressions.dll" /reference:"C:\Program Files (x86)\Reference Assemblies\Microsoft\Framework\.NETFramework\v4.5\Facades\System.Linq.Parallel.dll" /reference:"C:\Program Files (x86)\Reference Assemblies\Microsoft\Framework\.NETFramework\v4.5\Facades\System.Linq.Queryable.dll" /reference:"C:\Program Files (x86)\Reference Assemblies\Microsoft\Framework\.NETFramework\v4.5\Facades\System.Net.NetworkInformation.dll" /reference:"C:\Program Files (x86)\Reference Assemblies\Microsoft\Framework\.NETFramework\v4.5\Facades\System.Net.Primitives.dll" /reference:"C:\Program Files (x86)\Reference Assemblies\Microsoft\Framework\.NETFramework\v4.5\Facades\System.Net.Requests.dll" /reference:"C:\Program Files (x86)\Reference Assemblies\Microsoft\Framework\.NETFramework\v4.5\Facades\System.ObjectModel.dll" /reference:"C:\Program Files (x86)\Reference Assemblies\Microsoft\Framework\.NETFramework\v4.5\Facades\System.Reflection.dll" /reference:"C:\Program Files (x86)\Reference Assemblies\Microsoft\Framework\.NETFramework\v4.5\Facades\System.Reflection.Emit.dll" /reference:"C:\Program Files (x86)\Reference Assemblies\Microsoft\Framework\.NETFramework\v4.5\Facades\System.Reflection.Emit.ILGeneration.dll" /reference:"C:\Program Files (x86)\Reference Assemblies\Microsoft\Framework\.NETFramework\v4.5\Facades\System.Reflection.Emit.Lightweight.dll" /reference:"C:\Program Files (x86)\Reference Assemblies\Microsoft\Framework\.NETFramework\v4.5\Facades\System.Reflection.Extensions.dll" /reference:"C:\Program Files (x86)\Reference Assemblies\Microsoft\Framework\.NETFramework\v4.5\Facades\System.Reflection.Primitives.dll" /reference:"C:\Program Files (x86)\Reference Assemblies\Microsoft\Framework\.NETFramework\v4.5\Facades\System.Resources.ResourceManager.dll" /reference:"C:\Program Files (x86)\Reference Assemblies\Microsoft\Framework\.NETFramework\v4.5\Facades\System.Runtime.Extensions.dll" /reference:"C:\Program Files (x86)\Reference Assemblies\Microsoft\Framework\.NETFramework\v4.5\Facades\System.Runtime.InteropServices.dll" /reference:"C:\Program Files (x86)\Reference Assemblies\Microsoft\Framework\.NETFramework\v4.5\Facades\System.Runtime.InteropServices.WindowsRuntime.dll" /reference:"C:\Program Files (x86)\Reference Assemblies\Microsoft\Framework\.NETFramework\v4.5\Facades\System.Runtime.Numerics.dll" /reference:"C:\Program Files (x86)\Reference Assemblies\Microsoft\Framework\.NETFramework\v4.5\Facades\System.Runtime.Serialization.Json.dll" /reference:"C:\Program Files (x86)\Reference Assemblies\Microsoft\Framework\.NETFramework\v4.5\Facades\System.Runtime.Serialization.Primitives.dll" /reference:"C:\Program Files (x86)\Reference Assemblies\Microsoft\Framework\.NETFramework\v4.5\Facades\System.Runtime.Serialization.Xml.dll" /reference:"C:\Program Files (x86)\Reference Assemblies\Microsoft\Framework\.NETFramework\v4.5\Facades\System.Security.Principal.dll" /reference:"C:\Program Files (x86)\Reference Assemblies\Microsoft\Framework\.NETFramework\v4.5\Facades\System.ServiceModel.Duplex.dll" /reference:"C:\Program Files (x86)\Reference Assemblies\Microsoft\Framework\.NETFramework\v4.5\Facades\System.ServiceModel.Http.dll" /reference:"C:\Program Files (x86)\Reference Assemblies\Microsoft\Framework\.NETFramework\v4.5\Facades\System.ServiceModel.NetTcp.dll" /reference:"C:\Program Files (x86)\Reference Assemblies\Microsoft\Framework\.NETFramework\v4.5\Facades\System.ServiceModel.Primitives.dll" /reference:"C:\Program Files (x86)\Reference Assemblies\Microsoft\Framework\.NETFramework\v4.5\Facades\System.ServiceModel.Security.dll" /reference:"C:\Program Files (x86)\Reference Assemblies\Microsoft\Framework\.NETFramework\v4.5\Facades\System.Text.Encoding.dll" /reference:"C:\Program Files (x86)\Reference Assemblies\Microsoft\Framework\.NETFramework\v4.5\Facades\System.Text.Encoding.Extensions.dll" /reference:"C:\Program Files (x86)\Reference Assemblies\Microsoft\Framework\.NETFramework\v4.5\Facades\System.Text.RegularExpressions.dll" /reference:"C:\Program Files (x86)\Reference Assemblies\Microsoft\Framework\.NETFramework\v4.5\Facades\System.Threading.dll" /reference:"C:\Program Files (x86)\Reference Assemblies\Microsoft\Framework\.NETFramework\v4.5\Facades\System.Threading.Tasks.dll" /reference:"C:\Program Files (x86)\Reference Assemblies\Microsoft\Framework\.NETFramework\v4.5\Facades\System.Threading.Tasks.Parallel.dll" /reference:"C:\Program Files (x86)\Reference Assemblies\Microsoft\Framework\.NETFramework\v4.5\Facades\System.Xml.ReaderWriter.dll" /reference:"C:\Program Files (x86)\Reference Assemblies\Microsoft\Framework\.NETFramework\v4.5\Facades\System.Xml.XDocument.dll" /reference:"C:\Program Files (x86)\Reference Assemblies\Microsoft\Framework\.NETFramework\v4.5\Facades\System.Xml.XmlSerializer.dll" /debug- /filealign:512 /optimize+ /out:\Release\TestProject.dll /target:library Game.cs Properties\AssemblyInfo.cs
  
  Необработанное исключение: System.IO.FileLoadException: Не удалось загрузить файл или сборку "System.Text.Encoding.CodePages, Version=4.0.2.0, Culture=neutral, PublicKeyToken=b03f5f7f11d50a3a" либо одну из их зависимостей. Найденное определение манифеста сборки не соответствует ссылке на сборку. (Исключение из HRESULT: 0x80131040)
     в Microsoft.CodeAnalysis.CommandLine.DesktopBuildClient.Run(IEnumerable`1 arguments, RequestLanguage language, CompileFunc compileFunc, IAnalyzerAssemblyLoader analyzerAssemblyLoader)
     в Microsoft.CodeAnalysis.CSharp.CommandLine.Program.Main(String[] args)
D:\Dev\C++\FalcoEngine\Mono\lib\mono\msbuild\15.0\bin\Microsoft.CSharp.Falco.targets(26,3): error MSB6006: "csc.exe" завершилась с кодом -532462766. [D:\Dev\C++\FalcoEngine\TestProject\TestProject\TestProject.csproj]
Выполнение задачи "Csc" завершено с ошибкой.
Сборка целевого объекта "CoreCompile" в проекте "TestProject.csproj" завершена с ошибкой.
Целевой объект "_CheckForCompileOutputs" в файле "D:\Dev\C++\FalcoEngine\Mono\lib\mono\msbuild\15.0\bin\Microsoft.Common.CurrentVersion.targets" из проекта "D:\Dev\C++\FalcoEngine\TestProject\TestProject\TestProject.csproj" (целевой объект "_CleanGetCurrentAndPriorFileWrites" зависит от него):
Сборка целевого объекта "_CheckForCompileOutputs" в проекте "TestProject.csproj" завершена.
Целевой объект "_SGenCheckForOutputs" пропущен из-за невыполненного условия; выражение ('$(_SGenGenerateSerializationAssembliesConfig)' == 'On' or ('@(WebReferenceUrl)'!='' and '$(_SGenGenerateSerializationAssembliesConfig)' == 'Auto')) равно ('Auto' == 'On' or (''!='' and 'Auto' == 'Auto')).
Целевой объект "_CleanGetCurrentAndPriorFileWrites" в файле "D:\Dev\C++\FalcoEngine\Mono\lib\mono\msbuild\15.0\bin\Microsoft.Common.CurrentVersion.targets" из проекта "D:\Dev\C++\FalcoEngine\TestProject\TestProject\TestProject.csproj" (целевой объект "_CleanRecordFileWrites" зависит от него):
Задача "ReadLinesFromFile"
Выполнение задачи "ReadLinesFromFile" завершено.
Используется задача "ConvertToAbsolutePath" из сборки "Microsoft.Build.Tasks.Core, Version=15.1.0.0, Culture=neutral, PublicKeyToken=b03f5f7f11d50a3a".
Задача "ConvertToAbsolutePath"
Выполнение задачи "ConvertToAbsolutePath" завершено.
Задача "FindUnderPath"
  Путь сравнения: "D:\Dev\C++\FalcoEngine\TestProject\TestProject".
Выполнение задачи "FindUnderPath" завершено.
Задача "FindUnderPath"
  Путь сравнения: "bin\Release\".
Выполнение задачи "FindUnderPath" завершено.
Задача "FindUnderPath"
  Путь сравнения: "\Release\".
Выполнение задачи "FindUnderPath" завершено.
Задача "RemoveDuplicates"
Выполнение задачи "RemoveDuplicates" завершено.
Сборка целевого объекта "_CleanGetCurrentAndPriorFileWrites" в проекте "TestProject.csproj" завершена.
Целевой объект "_CleanRecordFileWrites" в файле "D:\Dev\C++\FalcoEngine\Mono\lib\mono\msbuild\15.0\bin\Microsoft.Common.CurrentVersion.targets" из проекта "D:\Dev\C++\FalcoEngine\TestProject\TestProject\TestProject.csproj" (целевой объект "CoreBuild" зависит от него):
Задача "RemoveDuplicates"
Выполнение задачи "RemoveDuplicates" завершено.
Задача "MakeDir"
Выполнение задачи "MakeDir" завершено.
Задача "WriteLinesToFile"
Выполнение задачи "WriteLinesToFile" завершено.
Сборка целевого объекта "_CleanRecordFileWrites" в проекте "TestProject.csproj" завершена.
Сборка проекта "D:\Dev\C++\FalcoEngine\TestProject\TestProject\TestProject.csproj" завершена (целевые объекты rebuild) с ошибкой.


Ошибка сборки.

"D:\Dev\C++\FalcoEngine\TestProject\TestProject\TestProject.csproj" (целевой объект rebuild ) (1) ->
(CoreCompile конечный объект) -> 
  D:\Dev\C++\FalcoEngine\Mono\lib\mono\msbuild\15.0\bin\Microsoft.CSharp.Falco.targets(26,3): error MSB6006: "csc.exe" завершилась с кодом -532462766. [D:\Dev\C++\FalcoEngine\TestProject\TestProject\TestProject.csproj]

    Предупреждений: 0
    Ошибок: 1

Прошло времени 00:00:03.08
